{"C:\\Users\\sarig\\OneDrive\\Documentos\\GitHub\\-AyD1-Proyecto1_Fase1_G2\\Backend\\app.js": {"path":"C:\\Users\\sarig\\OneDrive\\Documentos\\GitHub\\-AyD1-Proyecto1_Fase1_G2\\Backend\\app.js","statementMap":{"0":{"start":{"line":1,"column":16},"end":{"line":1,"column":34}},"1":{"start":{"line":2,"column":12},"end":{"line":2,"column":35}},"2":{"start":{"line":3,"column":12},"end":{"line":3,"column":21}},"3":{"start":{"line":5,"column":13},"end":{"line":5,"column":29}},"4":{"start":{"line":6,"column":15},"end":{"line":6,"column":37}},"5":{"start":{"line":7,"column":13},"end":{"line":7,"column":28}},"6":{"start":{"line":8,"column":0},"end":{"line":8,"column":16}},"7":{"start":{"line":9,"column":0},"end":{"line":9,"column":39}},"8":{"start":{"line":10,"column":0},"end":{"line":10,"column":60}},"9":{"start":{"line":14,"column":0},"end":{"line":14,"column":23}},"10":{"start":{"line":18,"column":0},"end":{"line":18,"column":37}},"11":{"start":{"line":19,"column":0},"end":{"line":19,"column":40}},"12":{"start":{"line":20,"column":0},"end":{"line":20,"column":34}},"13":{"start":{"line":21,"column":0},"end":{"line":21,"column":35}},"14":{"start":{"line":63,"column":12},"end":{"line":65,"column":2}},"15":{"start":{"line":64,"column":4},"end":{"line":64,"column":54}},"16":{"start":{"line":67,"column":0},"end":{"line":67,"column":31}}},"fnMap":{"0":{"name":"(anonymous_0)","decl":{"start":{"line":63,"column":32},"end":{"line":63,"column":33}},"loc":{"start":{"line":63,"column":42},"end":{"line":65,"column":1}},"line":63}},"branchMap":{},"s":{"0":1,"1":1,"2":1,"3":1,"4":1,"5":1,"6":1,"7":1,"8":1,"9":1,"10":1,"11":1,"12":1,"13":1,"14":1,"15":1,"16":1},"f":{"0":1},"b":{},"_coverageSchema":"1a1c01bbd47fc00a2c39e90264f33305004495a9","hash":"4405e8a749ebffc026a095e192ea1ccd22d757f0"}
,"C:\\Users\\sarig\\OneDrive\\Documentos\\GitHub\\-AyD1-Proyecto1_Fase1_G2\\Backend\\conexion.js": {"path":"C:\\Users\\sarig\\OneDrive\\Documentos\\GitHub\\-AyD1-Proyecto1_Fase1_G2\\Backend\\conexion.js","statementMap":{"0":{"start":{"line":1,"column":14},"end":{"line":1,"column":30}},"1":{"start":{"line":3,"column":24},"end":{"line":8,"column":2}},"2":{"start":{"line":10,"column":0},"end":{"line":17,"column":3}},"3":{"start":{"line":11,"column":4},"end":{"line":16,"column":5}},"4":{"start":{"line":12,"column":8},"end":{"line":12,"column":24}},"5":{"start":{"line":13,"column":8},"end":{"line":13,"column":14}},"6":{"start":{"line":15,"column":8},"end":{"line":15,"column":35}},"7":{"start":{"line":19,"column":0},"end":{"line":19,"column":33}}},"fnMap":{"0":{"name":"(anonymous_0)","decl":{"start":{"line":10,"column":24},"end":{"line":10,"column":25}},"loc":{"start":{"line":10,"column":37},"end":{"line":17,"column":1}},"line":10}},"branchMap":{"0":{"loc":{"start":{"line":11,"column":4},"end":{"line":16,"column":5}},"type":"if","locations":[{"start":{"line":11,"column":4},"end":{"line":16,"column":5}},{"start":{"line":14,"column":9},"end":{"line":16,"column":5}}],"line":11}},"s":{"0":1,"1":1,"2":1,"3":1,"4":0,"5":0,"6":1,"7":1},"f":{"0":1},"b":{"0":[0,1]},"_coverageSchema":"1a1c01bbd47fc00a2c39e90264f33305004495a9","hash":"921f1dba1042b5e3d228bc5e40a773b5a3074053"}
,"C:\\Users\\sarig\\OneDrive\\Documentos\\GitHub\\-AyD1-Proyecto1_Fase1_G2\\Backend\\routes\\auto.js": {"path":"C:\\Users\\sarig\\OneDrive\\Documentos\\GitHub\\-AyD1-Proyecto1_Fase1_G2\\Backend\\routes\\auto.js","statementMap":{"0":{"start":{"line":1,"column":16},"end":{"line":1,"column":34}},"1":{"start":{"line":2,"column":15},"end":{"line":2,"column":31}},"2":{"start":{"line":3,"column":24},"end":{"line":3,"column":46}},"3":{"start":{"line":5,"column":0},"end":{"line":18,"column":2}},"4":{"start":{"line":6,"column":56},"end":{"line":6,"column":64}},"5":{"start":{"line":7,"column":18},"end":{"line":10,"column":5}},"6":{"start":{"line":11,"column":4},"end":{"line":17,"column":6}},"7":{"start":{"line":12,"column":8},"end":{"line":16,"column":9}},"8":{"start":{"line":13,"column":12},"end":{"line":13,"column":51}},"9":{"start":{"line":15,"column":12},"end":{"line":15,"column":28}},"10":{"start":{"line":20,"column":0},"end":{"line":32,"column":2}},"11":{"start":{"line":21,"column":4},"end":{"line":21,"column":24}},"12":{"start":{"line":22,"column":15},"end":{"line":22,"column":55}},"13":{"start":{"line":25,"column":4},"end":{"line":29,"column":5}},"14":{"start":{"line":26,"column":8},"end":{"line":26,"column":30}},"15":{"start":{"line":28,"column":8},"end":{"line":28,"column":30}},"16":{"start":{"line":34,"column":0},"end":{"line":40,"column":2}},"17":{"start":{"line":35,"column":18},"end":{"line":35,"column":44}},"18":{"start":{"line":36,"column":4},"end":{"line":39,"column":6}},"19":{"start":{"line":37,"column":8},"end":{"line":37,"column":36}},"20":{"start":{"line":37,"column":16},"end":{"line":37,"column":36}},"21":{"start":{"line":38,"column":12},"end":{"line":38,"column":43}},"22":{"start":{"line":42,"column":0},"end":{"line":48,"column":2}},"23":{"start":{"line":43,"column":18},"end":{"line":43,"column":65}},"24":{"start":{"line":44,"column":4},"end":{"line":47,"column":6}},"25":{"start":{"line":45,"column":8},"end":{"line":45,"column":36}},"26":{"start":{"line":45,"column":16},"end":{"line":45,"column":36}},"27":{"start":{"line":46,"column":12},"end":{"line":46,"column":43}},"28":{"start":{"line":53,"column":0},"end":{"line":67,"column":2}},"29":{"start":{"line":54,"column":79},"end":{"line":54,"column":87}},"30":{"start":{"line":55,"column":18},"end":{"line":58,"column":5}},"31":{"start":{"line":59,"column":4},"end":{"line":66,"column":6}},"32":{"start":{"line":60,"column":8},"end":{"line":65,"column":9}},"33":{"start":{"line":61,"column":12},"end":{"line":61,"column":31}},"34":{"start":{"line":62,"column":12},"end":{"line":62,"column":51}},"35":{"start":{"line":64,"column":12},"end":{"line":64,"column":28}},"36":{"start":{"line":69,"column":0},"end":{"line":80,"column":2}},"37":{"start":{"line":70,"column":4},"end":{"line":70,"column":24}},"38":{"start":{"line":71,"column":15},"end":{"line":71,"column":55}},"39":{"start":{"line":74,"column":4},"end":{"line":78,"column":5}},"40":{"start":{"line":75,"column":8},"end":{"line":75,"column":30}},"41":{"start":{"line":77,"column":8},"end":{"line":77,"column":30}},"42":{"start":{"line":84,"column":16},"end":{"line":84,"column":24}},"43":{"start":{"line":85,"column":18},"end":{"line":87,"column":5}},"44":{"start":{"line":88,"column":4},"end":{"line":95,"column":6}},"45":{"start":{"line":89,"column":8},"end":{"line":94,"column":9}},"46":{"start":{"line":91,"column":12},"end":{"line":91,"column":38}},"47":{"start":{"line":93,"column":12},"end":{"line":93,"column":28}},"48":{"start":{"line":98,"column":0},"end":{"line":104,"column":2}},"49":{"start":{"line":99,"column":18},"end":{"line":99,"column":45}},"50":{"start":{"line":100,"column":4},"end":{"line":103,"column":6}},"51":{"start":{"line":101,"column":8},"end":{"line":101,"column":36}},"52":{"start":{"line":101,"column":16},"end":{"line":101,"column":36}},"53":{"start":{"line":102,"column":12},"end":{"line":102,"column":37}},"54":{"start":{"line":107,"column":0},"end":{"line":120,"column":2}},"55":{"start":{"line":108,"column":19},"end":{"line":108,"column":27}},"56":{"start":{"line":109,"column":18},"end":{"line":112,"column":5}},"57":{"start":{"line":113,"column":4},"end":{"line":119,"column":6}},"58":{"start":{"line":114,"column":8},"end":{"line":118,"column":9}},"59":{"start":{"line":115,"column":12},"end":{"line":115,"column":38}},"60":{"start":{"line":117,"column":12},"end":{"line":117,"column":28}},"61":{"start":{"line":122,"column":0},"end":{"line":135,"column":2}},"62":{"start":{"line":123,"column":20},"end":{"line":123,"column":28}},"63":{"start":{"line":124,"column":18},"end":{"line":127,"column":5}},"64":{"start":{"line":128,"column":4},"end":{"line":134,"column":6}},"65":{"start":{"line":129,"column":8},"end":{"line":133,"column":9}},"66":{"start":{"line":130,"column":12},"end":{"line":130,"column":39}},"67":{"start":{"line":132,"column":12},"end":{"line":132,"column":28}},"68":{"start":{"line":138,"column":0},"end":{"line":145,"column":2}},"69":{"start":{"line":139,"column":4},"end":{"line":139,"column":26}},"70":{"start":{"line":140,"column":4},"end":{"line":144,"column":5}},"71":{"start":{"line":141,"column":8},"end":{"line":141,"column":30}},"72":{"start":{"line":143,"column":8},"end":{"line":143,"column":30}},"73":{"start":{"line":147,"column":0},"end":{"line":159,"column":2}},"74":{"start":{"line":148,"column":40},"end":{"line":148,"column":48}},"75":{"start":{"line":149,"column":18},"end":{"line":151,"column":112}},"76":{"start":{"line":152,"column":4},"end":{"line":158,"column":6}},"77":{"start":{"line":153,"column":8},"end":{"line":157,"column":9}},"78":{"start":{"line":154,"column":12},"end":{"line":154,"column":39}},"79":{"start":{"line":156,"column":12},"end":{"line":156,"column":28}},"80":{"start":{"line":162,"column":0},"end":{"line":162,"column":24}}},"fnMap":{"0":{"name":"(anonymous_0)","decl":{"start":{"line":5,"column":24},"end":{"line":5,"column":25}},"loc":{"start":{"line":5,"column":35},"end":{"line":18,"column":1}},"line":5},"1":{"name":"(anonymous_1)","decl":{"start":{"line":11,"column":78},"end":{"line":11,"column":79}},"loc":{"start":{"line":11,"column":97},"end":{"line":17,"column":5}},"line":11},"2":{"name":"(anonymous_2)","decl":{"start":{"line":20,"column":33},"end":{"line":20,"column":34}},"loc":{"start":{"line":20,"column":44},"end":{"line":32,"column":1}},"line":20},"3":{"name":"(anonymous_3)","decl":{"start":{"line":34,"column":23},"end":{"line":34,"column":24}},"loc":{"start":{"line":34,"column":35},"end":{"line":40,"column":1}},"line":34},"4":{"name":"(anonymous_4)","decl":{"start":{"line":36,"column":33},"end":{"line":36,"column":34}},"loc":{"start":{"line":36,"column":53},"end":{"line":39,"column":5}},"line":36},"5":{"name":"(anonymous_5)","decl":{"start":{"line":42,"column":26},"end":{"line":42,"column":27}},"loc":{"start":{"line":42,"column":38},"end":{"line":48,"column":1}},"line":42},"6":{"name":"(anonymous_6)","decl":{"start":{"line":44,"column":33},"end":{"line":44,"column":34}},"loc":{"start":{"line":44,"column":53},"end":{"line":47,"column":5}},"line":44},"7":{"name":"(anonymous_7)","decl":{"start":{"line":53,"column":26},"end":{"line":53,"column":27}},"loc":{"start":{"line":53,"column":37},"end":{"line":67,"column":1}},"line":53},"8":{"name":"(anonymous_8)","decl":{"start":{"line":59,"column":101},"end":{"line":59,"column":102}},"loc":{"start":{"line":59,"column":120},"end":{"line":66,"column":5}},"line":59},"9":{"name":"(anonymous_9)","decl":{"start":{"line":69,"column":35},"end":{"line":69,"column":36}},"loc":{"start":{"line":69,"column":46},"end":{"line":80,"column":1}},"line":69},"10":{"name":"actualizarAuto","decl":{"start":{"line":83,"column":9},"end":{"line":83,"column":23}},"loc":{"start":{"line":83,"column":29},"end":{"line":96,"column":1}},"line":83},"11":{"name":"(anonymous_11)","decl":{"start":{"line":88,"column":41},"end":{"line":88,"column":42}},"loc":{"start":{"line":88,"column":60},"end":{"line":95,"column":5}},"line":88},"12":{"name":"(anonymous_12)","decl":{"start":{"line":98,"column":27},"end":{"line":98,"column":28}},"loc":{"start":{"line":98,"column":39},"end":{"line":104,"column":1}},"line":98},"13":{"name":"(anonymous_13)","decl":{"start":{"line":100,"column":33},"end":{"line":100,"column":34}},"loc":{"start":{"line":100,"column":53},"end":{"line":103,"column":5}},"line":100},"14":{"name":"(anonymous_14)","decl":{"start":{"line":107,"column":33},"end":{"line":107,"column":34}},"loc":{"start":{"line":107,"column":45},"end":{"line":120,"column":1}},"line":107},"15":{"name":"(anonymous_15)","decl":{"start":{"line":113,"column":41},"end":{"line":113,"column":42}},"loc":{"start":{"line":113,"column":60},"end":{"line":119,"column":5}},"line":113},"16":{"name":"(anonymous_16)","decl":{"start":{"line":122,"column":34},"end":{"line":122,"column":35}},"loc":{"start":{"line":122,"column":46},"end":{"line":135,"column":1}},"line":122},"17":{"name":"(anonymous_17)","decl":{"start":{"line":128,"column":42},"end":{"line":128,"column":43}},"loc":{"start":{"line":128,"column":61},"end":{"line":134,"column":5}},"line":128},"18":{"name":"(anonymous_18)","decl":{"start":{"line":138,"column":38},"end":{"line":138,"column":39}},"loc":{"start":{"line":138,"column":50},"end":{"line":145,"column":1}},"line":138},"19":{"name":"(anonymous_19)","decl":{"start":{"line":147,"column":38},"end":{"line":147,"column":39}},"loc":{"start":{"line":147,"column":50},"end":{"line":159,"column":1}},"line":147},"20":{"name":"(anonymous_20)","decl":{"start":{"line":152,"column":61},"end":{"line":152,"column":62}},"loc":{"start":{"line":152,"column":80},"end":{"line":158,"column":5}},"line":152}},"branchMap":{"0":{"loc":{"start":{"line":12,"column":8},"end":{"line":16,"column":9}},"type":"if","locations":[{"start":{"line":12,"column":8},"end":{"line":16,"column":9}},{"start":{"line":14,"column":15},"end":{"line":16,"column":9}}],"line":12},"1":{"loc":{"start":{"line":25,"column":4},"end":{"line":29,"column":5}},"type":"if","locations":[{"start":{"line":25,"column":4},"end":{"line":29,"column":5}},{"start":{"line":27,"column":9},"end":{"line":29,"column":5}}],"line":25},"2":{"loc":{"start":{"line":37,"column":8},"end":{"line":37,"column":36}},"type":"if","locations":[{"start":{"line":37,"column":8},"end":{"line":37,"column":36}},{"start":{},"end":{}}],"line":37},"3":{"loc":{"start":{"line":45,"column":8},"end":{"line":45,"column":36}},"type":"if","locations":[{"start":{"line":45,"column":8},"end":{"line":45,"column":36}},{"start":{},"end":{}}],"line":45},"4":{"loc":{"start":{"line":60,"column":8},"end":{"line":65,"column":9}},"type":"if","locations":[{"start":{"line":60,"column":8},"end":{"line":65,"column":9}},{"start":{"line":63,"column":15},"end":{"line":65,"column":9}}],"line":60},"5":{"loc":{"start":{"line":74,"column":4},"end":{"line":78,"column":5}},"type":"if","locations":[{"start":{"line":74,"column":4},"end":{"line":78,"column":5}},{"start":{"line":76,"column":9},"end":{"line":78,"column":5}}],"line":74},"6":{"loc":{"start":{"line":89,"column":8},"end":{"line":94,"column":9}},"type":"if","locations":[{"start":{"line":89,"column":8},"end":{"line":94,"column":9}},{"start":{"line":92,"column":15},"end":{"line":94,"column":9}}],"line":89},"7":{"loc":{"start":{"line":101,"column":8},"end":{"line":101,"column":36}},"type":"if","locations":[{"start":{"line":101,"column":8},"end":{"line":101,"column":36}},{"start":{},"end":{}}],"line":101},"8":{"loc":{"start":{"line":114,"column":8},"end":{"line":118,"column":9}},"type":"if","locations":[{"start":{"line":114,"column":8},"end":{"line":118,"column":9}},{"start":{"line":116,"column":15},"end":{"line":118,"column":9}}],"line":114},"9":{"loc":{"start":{"line":129,"column":8},"end":{"line":133,"column":9}},"type":"if","locations":[{"start":{"line":129,"column":8},"end":{"line":133,"column":9}},{"start":{"line":131,"column":15},"end":{"line":133,"column":9}}],"line":129},"10":{"loc":{"start":{"line":140,"column":4},"end":{"line":144,"column":5}},"type":"if","locations":[{"start":{"line":140,"column":4},"end":{"line":144,"column":5}},{"start":{"line":142,"column":9},"end":{"line":144,"column":5}}],"line":140},"11":{"loc":{"start":{"line":153,"column":8},"end":{"line":157,"column":9}},"type":"if","locations":[{"start":{"line":153,"column":8},"end":{"line":157,"column":9}},{"start":{"line":155,"column":15},"end":{"line":157,"column":9}}],"line":153}},"s":{"0":1,"1":1,"2":1,"3":1,"4":0,"5":0,"6":0,"7":0,"8":0,"9":0,"10":1,"11":1,"12":1,"13":1,"14":1,"15":0,"16":1,"17":0,"18":0,"19":0,"20":0,"21":0,"22":1,"23":0,"24":0,"25":0,"26":0,"27":0,"28":1,"29":0,"30":0,"31":0,"32":0,"33":0,"34":0,"35":0,"36":1,"37":1,"38":1,"39":1,"40":1,"41":0,"42":0,"43":0,"44":0,"45":0,"46":0,"47":0,"48":1,"49":0,"50":0,"51":0,"52":0,"53":0,"54":1,"55":0,"56":0,"57":0,"58":0,"59":0,"60":0,"61":1,"62":0,"63":0,"64":0,"65":0,"66":0,"67":0,"68":1,"69":1,"70":1,"71":1,"72":0,"73":1,"74":0,"75":0,"76":0,"77":0,"78":0,"79":0,"80":1},"f":{"0":0,"1":0,"2":1,"3":0,"4":0,"5":0,"6":0,"7":0,"8":0,"9":1,"10":0,"11":0,"12":0,"13":0,"14":0,"15":0,"16":0,"17":0,"18":1,"19":0,"20":0},"b":{"0":[0,0],"1":[1,0],"2":[0,0],"3":[0,0],"4":[0,0],"5":[1,0],"6":[0,0],"7":[0,0],"8":[0,0],"9":[0,0],"10":[1,0],"11":[0,0]},"_coverageSchema":"1a1c01bbd47fc00a2c39e90264f33305004495a9","hash":"abb2f099c58e2b7604b21d17a1d8c3d3aaeccb92"}
,"C:\\Users\\sarig\\OneDrive\\Documentos\\GitHub\\-AyD1-Proyecto1_Fase1_G2\\Backend\\routes\\habitacion.js": {"path":"C:\\Users\\sarig\\OneDrive\\Documentos\\GitHub\\-AyD1-Proyecto1_Fase1_G2\\Backend\\routes\\habitacion.js","statementMap":{"0":{"start":{"line":1,"column":17},"end":{"line":1,"column":35}},"1":{"start":{"line":2,"column":16},"end":{"line":2,"column":34}},"2":{"start":{"line":3,"column":15},"end":{"line":3,"column":31}},"3":{"start":{"line":4,"column":24},"end":{"line":4,"column":46}},"4":{"start":{"line":6,"column":0},"end":{"line":19,"column":2}},"5":{"start":{"line":7,"column":85},"end":{"line":7,"column":93}},"6":{"start":{"line":8,"column":18},"end":{"line":11,"column":5}},"7":{"start":{"line":12,"column":4},"end":{"line":18,"column":6}},"8":{"start":{"line":13,"column":8},"end":{"line":17,"column":9}},"9":{"start":{"line":14,"column":12},"end":{"line":14,"column":51}},"10":{"start":{"line":16,"column":12},"end":{"line":16,"column":28}},"11":{"start":{"line":21,"column":0},"end":{"line":29,"column":2}},"12":{"start":{"line":22,"column":4},"end":{"line":22,"column":34}},"13":{"start":{"line":24,"column":4},"end":{"line":28,"column":5}},"14":{"start":{"line":25,"column":8},"end":{"line":25,"column":30}},"15":{"start":{"line":27,"column":8},"end":{"line":27,"column":30}},"16":{"start":{"line":31,"column":0},"end":{"line":37,"column":2}},"17":{"start":{"line":32,"column":18},"end":{"line":32,"column":45}},"18":{"start":{"line":33,"column":4},"end":{"line":36,"column":6}},"19":{"start":{"line":34,"column":8},"end":{"line":34,"column":36}},"20":{"start":{"line":34,"column":16},"end":{"line":34,"column":36}},"21":{"start":{"line":35,"column":12},"end":{"line":35,"column":44}},"22":{"start":{"line":39,"column":0},"end":{"line":45,"column":2}},"23":{"start":{"line":40,"column":18},"end":{"line":40,"column":66}},"24":{"start":{"line":41,"column":4},"end":{"line":44,"column":6}},"25":{"start":{"line":42,"column":8},"end":{"line":42,"column":36}},"26":{"start":{"line":42,"column":16},"end":{"line":42,"column":36}},"27":{"start":{"line":43,"column":12},"end":{"line":43,"column":44}},"28":{"start":{"line":49,"column":0},"end":{"line":63,"column":2}},"29":{"start":{"line":50,"column":110},"end":{"line":50,"column":118}},"30":{"start":{"line":51,"column":18},"end":{"line":54,"column":5}},"31":{"start":{"line":55,"column":4},"end":{"line":62,"column":6}},"32":{"start":{"line":56,"column":8},"end":{"line":61,"column":9}},"33":{"start":{"line":57,"column":12},"end":{"line":57,"column":37}},"34":{"start":{"line":58,"column":12},"end":{"line":58,"column":51}},"35":{"start":{"line":60,"column":12},"end":{"line":60,"column":28}},"36":{"start":{"line":65,"column":0},"end":{"line":79,"column":2}},"37":{"start":{"line":66,"column":4},"end":{"line":66,"column":40}},"38":{"start":{"line":67,"column":4},"end":{"line":67,"column":39}},"39":{"start":{"line":70,"column":23},"end":{"line":70,"column":48}},"40":{"start":{"line":71,"column":23},"end":{"line":71,"column":47}},"41":{"start":{"line":72,"column":4},"end":{"line":72,"column":29}},"42":{"start":{"line":73,"column":4},"end":{"line":73,"column":29}},"43":{"start":{"line":74,"column":4},"end":{"line":78,"column":5}},"44":{"start":{"line":75,"column":12},"end":{"line":75,"column":35}},"45":{"start":{"line":77,"column":8},"end":{"line":77,"column":31}},"46":{"start":{"line":83,"column":47},"end":{"line":83,"column":55}},"47":{"start":{"line":84,"column":18},"end":{"line":87,"column":5}},"48":{"start":{"line":88,"column":4},"end":{"line":95,"column":6}},"49":{"start":{"line":89,"column":8},"end":{"line":94,"column":9}},"50":{"start":{"line":91,"column":12},"end":{"line":91,"column":38}},"51":{"start":{"line":93,"column":12},"end":{"line":93,"column":28}},"52":{"start":{"line":98,"column":0},"end":{"line":104,"column":2}},"53":{"start":{"line":99,"column":18},"end":{"line":99,"column":52}},"54":{"start":{"line":100,"column":4},"end":{"line":103,"column":6}},"55":{"start":{"line":101,"column":8},"end":{"line":101,"column":36}},"56":{"start":{"line":101,"column":16},"end":{"line":101,"column":36}},"57":{"start":{"line":102,"column":12},"end":{"line":102,"column":45}},"58":{"start":{"line":108,"column":0},"end":{"line":114,"column":2}},"59":{"start":{"line":109,"column":18},"end":{"line":109,"column":77}},"60":{"start":{"line":110,"column":4},"end":{"line":113,"column":6}},"61":{"start":{"line":111,"column":8},"end":{"line":111,"column":36}},"62":{"start":{"line":111,"column":16},"end":{"line":111,"column":36}},"63":{"start":{"line":112,"column":12},"end":{"line":112,"column":38}},"64":{"start":{"line":116,"column":0},"end":{"line":129,"column":2}},"65":{"start":{"line":117,"column":18},"end":{"line":117,"column":26}},"66":{"start":{"line":118,"column":18},"end":{"line":121,"column":5}},"67":{"start":{"line":122,"column":4},"end":{"line":128,"column":6}},"68":{"start":{"line":123,"column":8},"end":{"line":127,"column":9}},"69":{"start":{"line":124,"column":12},"end":{"line":124,"column":39}},"70":{"start":{"line":126,"column":12},"end":{"line":126,"column":28}},"71":{"start":{"line":133,"column":0},"end":{"line":139,"column":2}},"72":{"start":{"line":134,"column":18},"end":{"line":134,"column":79}},"73":{"start":{"line":135,"column":4},"end":{"line":138,"column":6}},"74":{"start":{"line":136,"column":8},"end":{"line":136,"column":36}},"75":{"start":{"line":136,"column":16},"end":{"line":136,"column":36}},"76":{"start":{"line":137,"column":12},"end":{"line":137,"column":40}},"77":{"start":{"line":141,"column":0},"end":{"line":154,"column":2}},"78":{"start":{"line":142,"column":20},"end":{"line":142,"column":28}},"79":{"start":{"line":143,"column":18},"end":{"line":146,"column":5}},"80":{"start":{"line":147,"column":4},"end":{"line":153,"column":6}},"81":{"start":{"line":148,"column":8},"end":{"line":152,"column":9}},"82":{"start":{"line":149,"column":12},"end":{"line":149,"column":39}},"83":{"start":{"line":151,"column":12},"end":{"line":151,"column":28}},"84":{"start":{"line":156,"column":0},"end":{"line":169,"column":2}},"85":{"start":{"line":157,"column":31},"end":{"line":157,"column":39}},"86":{"start":{"line":158,"column":18},"end":{"line":161,"column":5}},"87":{"start":{"line":162,"column":4},"end":{"line":168,"column":6}},"88":{"start":{"line":163,"column":8},"end":{"line":167,"column":9}},"89":{"start":{"line":164,"column":12},"end":{"line":164,"column":49}},"90":{"start":{"line":166,"column":12},"end":{"line":166,"column":28}},"91":{"start":{"line":171,"column":0},"end":{"line":184,"column":2}},"92":{"start":{"line":172,"column":40},"end":{"line":172,"column":48}},"93":{"start":{"line":173,"column":18},"end":{"line":176,"column":5}},"94":{"start":{"line":177,"column":4},"end":{"line":183,"column":6}},"95":{"start":{"line":178,"column":8},"end":{"line":182,"column":9}},"96":{"start":{"line":179,"column":12},"end":{"line":179,"column":39}},"97":{"start":{"line":181,"column":12},"end":{"line":181,"column":28}},"98":{"start":{"line":186,"column":0},"end":{"line":199,"column":2}},"99":{"start":{"line":188,"column":18},"end":{"line":191,"column":5}},"100":{"start":{"line":192,"column":4},"end":{"line":198,"column":6}},"101":{"start":{"line":193,"column":8},"end":{"line":197,"column":9}},"102":{"start":{"line":194,"column":12},"end":{"line":194,"column":39}},"103":{"start":{"line":196,"column":12},"end":{"line":196,"column":28}},"104":{"start":{"line":202,"column":0},"end":{"line":202,"column":24}}},"fnMap":{"0":{"name":"(anonymous_0)","decl":{"start":{"line":6,"column":30},"end":{"line":6,"column":31}},"loc":{"start":{"line":6,"column":41},"end":{"line":19,"column":1}},"line":6},"1":{"name":"(anonymous_1)","decl":{"start":{"line":12,"column":107},"end":{"line":12,"column":108}},"loc":{"start":{"line":12,"column":126},"end":{"line":18,"column":5}},"line":12},"2":{"name":"(anonymous_2)","decl":{"start":{"line":21,"column":44},"end":{"line":21,"column":45}},"loc":{"start":{"line":21,"column":55},"end":{"line":29,"column":1}},"line":21},"3":{"name":"(anonymous_3)","decl":{"start":{"line":31,"column":29},"end":{"line":31,"column":30}},"loc":{"start":{"line":31,"column":41},"end":{"line":37,"column":1}},"line":31},"4":{"name":"(anonymous_4)","decl":{"start":{"line":33,"column":33},"end":{"line":33,"column":34}},"loc":{"start":{"line":33,"column":53},"end":{"line":36,"column":5}},"line":33},"5":{"name":"(anonymous_5)","decl":{"start":{"line":39,"column":32},"end":{"line":39,"column":33}},"loc":{"start":{"line":39,"column":44},"end":{"line":45,"column":1}},"line":39},"6":{"name":"(anonymous_6)","decl":{"start":{"line":41,"column":33},"end":{"line":41,"column":34}},"loc":{"start":{"line":41,"column":53},"end":{"line":44,"column":5}},"line":41},"7":{"name":"(anonymous_7)","decl":{"start":{"line":49,"column":35},"end":{"line":49,"column":36}},"loc":{"start":{"line":49,"column":46},"end":{"line":63,"column":1}},"line":49},"8":{"name":"(anonymous_8)","decl":{"start":{"line":55,"column":132},"end":{"line":55,"column":133}},"loc":{"start":{"line":55,"column":151},"end":{"line":62,"column":5}},"line":55},"9":{"name":"(anonymous_9)","decl":{"start":{"line":65,"column":45},"end":{"line":65,"column":46}},"loc":{"start":{"line":65,"column":56},"end":{"line":79,"column":1}},"line":65},"10":{"name":"actualizarHabitacion","decl":{"start":{"line":82,"column":9},"end":{"line":82,"column":29}},"loc":{"start":{"line":82,"column":35},"end":{"line":96,"column":1}},"line":82},"11":{"name":"(anonymous_11)","decl":{"start":{"line":88,"column":72},"end":{"line":88,"column":73}},"loc":{"start":{"line":88,"column":91},"end":{"line":95,"column":5}},"line":88},"12":{"name":"(anonymous_12)","decl":{"start":{"line":98,"column":28},"end":{"line":98,"column":29}},"loc":{"start":{"line":98,"column":40},"end":{"line":104,"column":1}},"line":98},"13":{"name":"(anonymous_13)","decl":{"start":{"line":100,"column":33},"end":{"line":100,"column":34}},"loc":{"start":{"line":100,"column":53},"end":{"line":103,"column":5}},"line":100},"14":{"name":"(anonymous_14)","decl":{"start":{"line":108,"column":28},"end":{"line":108,"column":29}},"loc":{"start":{"line":108,"column":40},"end":{"line":114,"column":1}},"line":108},"15":{"name":"(anonymous_15)","decl":{"start":{"line":110,"column":33},"end":{"line":110,"column":34}},"loc":{"start":{"line":110,"column":53},"end":{"line":113,"column":5}},"line":110},"16":{"name":"(anonymous_16)","decl":{"start":{"line":116,"column":32},"end":{"line":116,"column":33}},"loc":{"start":{"line":116,"column":44},"end":{"line":129,"column":1}},"line":116},"17":{"name":"(anonymous_17)","decl":{"start":{"line":122,"column":40},"end":{"line":122,"column":41}},"loc":{"start":{"line":122,"column":59},"end":{"line":128,"column":5}},"line":122},"18":{"name":"(anonymous_18)","decl":{"start":{"line":133,"column":30},"end":{"line":133,"column":31}},"loc":{"start":{"line":133,"column":42},"end":{"line":139,"column":1}},"line":133},"19":{"name":"(anonymous_19)","decl":{"start":{"line":135,"column":33},"end":{"line":135,"column":34}},"loc":{"start":{"line":135,"column":53},"end":{"line":138,"column":5}},"line":135},"20":{"name":"(anonymous_20)","decl":{"start":{"line":141,"column":34},"end":{"line":141,"column":35}},"loc":{"start":{"line":141,"column":46},"end":{"line":154,"column":1}},"line":141},"21":{"name":"(anonymous_21)","decl":{"start":{"line":147,"column":42},"end":{"line":147,"column":43}},"loc":{"start":{"line":147,"column":61},"end":{"line":153,"column":5}},"line":147},"22":{"name":"(anonymous_22)","decl":{"start":{"line":156,"column":38},"end":{"line":156,"column":39}},"loc":{"start":{"line":156,"column":50},"end":{"line":169,"column":1}},"line":156},"23":{"name":"(anonymous_23)","decl":{"start":{"line":162,"column":53},"end":{"line":162,"column":54}},"loc":{"start":{"line":162,"column":72},"end":{"line":168,"column":5}},"line":162},"24":{"name":"(anonymous_24)","decl":{"start":{"line":171,"column":34},"end":{"line":171,"column":35}},"loc":{"start":{"line":171,"column":46},"end":{"line":184,"column":1}},"line":171},"25":{"name":"(anonymous_25)","decl":{"start":{"line":177,"column":61},"end":{"line":177,"column":62}},"loc":{"start":{"line":177,"column":80},"end":{"line":183,"column":5}},"line":177},"26":{"name":"(anonymous_26)","decl":{"start":{"line":186,"column":32},"end":{"line":186,"column":33}},"loc":{"start":{"line":186,"column":44},"end":{"line":199,"column":1}},"line":186},"27":{"name":"(anonymous_27)","decl":{"start":{"line":192,"column":32},"end":{"line":192,"column":33}},"loc":{"start":{"line":192,"column":51},"end":{"line":198,"column":5}},"line":192}},"branchMap":{"0":{"loc":{"start":{"line":13,"column":8},"end":{"line":17,"column":9}},"type":"if","locations":[{"start":{"line":13,"column":8},"end":{"line":17,"column":9}},{"start":{"line":15,"column":15},"end":{"line":17,"column":9}}],"line":13},"1":{"loc":{"start":{"line":24,"column":4},"end":{"line":28,"column":5}},"type":"if","locations":[{"start":{"line":24,"column":4},"end":{"line":28,"column":5}},{"start":{"line":26,"column":9},"end":{"line":28,"column":5}}],"line":24},"2":{"loc":{"start":{"line":24,"column":8},"end":{"line":24,"column":38}},"type":"binary-expr","locations":[{"start":{"line":24,"column":8},"end":{"line":24,"column":21}},{"start":{"line":24,"column":25},"end":{"line":24,"column":38}}],"line":24},"3":{"loc":{"start":{"line":34,"column":8},"end":{"line":34,"column":36}},"type":"if","locations":[{"start":{"line":34,"column":8},"end":{"line":34,"column":36}},{"start":{},"end":{}}],"line":34},"4":{"loc":{"start":{"line":42,"column":8},"end":{"line":42,"column":36}},"type":"if","locations":[{"start":{"line":42,"column":8},"end":{"line":42,"column":36}},{"start":{},"end":{}}],"line":42},"5":{"loc":{"start":{"line":56,"column":8},"end":{"line":61,"column":9}},"type":"if","locations":[{"start":{"line":56,"column":8},"end":{"line":61,"column":9}},{"start":{"line":59,"column":15},"end":{"line":61,"column":9}}],"line":56},"6":{"loc":{"start":{"line":74,"column":4},"end":{"line":78,"column":5}},"type":"if","locations":[{"start":{"line":74,"column":4},"end":{"line":78,"column":5}},{"start":{"line":76,"column":9},"end":{"line":78,"column":5}}],"line":74},"7":{"loc":{"start":{"line":74,"column":8},"end":{"line":74,"column":52}},"type":"binary-expr","locations":[{"start":{"line":74,"column":8},"end":{"line":74,"column":28}},{"start":{"line":74,"column":32},"end":{"line":74,"column":52}}],"line":74},"8":{"loc":{"start":{"line":89,"column":8},"end":{"line":94,"column":9}},"type":"if","locations":[{"start":{"line":89,"column":8},"end":{"line":94,"column":9}},{"start":{"line":92,"column":15},"end":{"line":94,"column":9}}],"line":89},"9":{"loc":{"start":{"line":101,"column":8},"end":{"line":101,"column":36}},"type":"if","locations":[{"start":{"line":101,"column":8},"end":{"line":101,"column":36}},{"start":{},"end":{}}],"line":101},"10":{"loc":{"start":{"line":111,"column":8},"end":{"line":111,"column":36}},"type":"if","locations":[{"start":{"line":111,"column":8},"end":{"line":111,"column":36}},{"start":{},"end":{}}],"line":111},"11":{"loc":{"start":{"line":123,"column":8},"end":{"line":127,"column":9}},"type":"if","locations":[{"start":{"line":123,"column":8},"end":{"line":127,"column":9}},{"start":{"line":125,"column":15},"end":{"line":127,"column":9}}],"line":123},"12":{"loc":{"start":{"line":136,"column":8},"end":{"line":136,"column":36}},"type":"if","locations":[{"start":{"line":136,"column":8},"end":{"line":136,"column":36}},{"start":{},"end":{}}],"line":136},"13":{"loc":{"start":{"line":148,"column":8},"end":{"line":152,"column":9}},"type":"if","locations":[{"start":{"line":148,"column":8},"end":{"line":152,"column":9}},{"start":{"line":150,"column":15},"end":{"line":152,"column":9}}],"line":148},"14":{"loc":{"start":{"line":163,"column":8},"end":{"line":167,"column":9}},"type":"if","locations":[{"start":{"line":163,"column":8},"end":{"line":167,"column":9}},{"start":{"line":165,"column":15},"end":{"line":167,"column":9}}],"line":163},"15":{"loc":{"start":{"line":178,"column":8},"end":{"line":182,"column":9}},"type":"if","locations":[{"start":{"line":178,"column":8},"end":{"line":182,"column":9}},{"start":{"line":180,"column":15},"end":{"line":182,"column":9}}],"line":178},"16":{"loc":{"start":{"line":193,"column":8},"end":{"line":197,"column":9}},"type":"if","locations":[{"start":{"line":193,"column":8},"end":{"line":197,"column":9}},{"start":{"line":195,"column":15},"end":{"line":197,"column":9}}],"line":193}},"s":{"0":1,"1":1,"2":1,"3":1,"4":1,"5":0,"6":0,"7":0,"8":0,"9":0,"10":0,"11":1,"12":1,"13":1,"14":1,"15":0,"16":1,"17":0,"18":0,"19":0,"20":0,"21":0,"22":1,"23":0,"24":0,"25":0,"26":0,"27":0,"28":1,"29":0,"30":0,"31":0,"32":0,"33":0,"34":0,"35":0,"36":1,"37":1,"38":1,"39":1,"40":1,"41":1,"42":1,"43":1,"44":1,"45":0,"46":0,"47":0,"48":0,"49":0,"50":0,"51":0,"52":1,"53":0,"54":0,"55":0,"56":0,"57":0,"58":1,"59":0,"60":0,"61":0,"62":0,"63":0,"64":1,"65":0,"66":0,"67":0,"68":0,"69":0,"70":0,"71":1,"72":0,"73":0,"74":0,"75":0,"76":0,"77":1,"78":0,"79":0,"80":0,"81":0,"82":0,"83":0,"84":1,"85":0,"86":0,"87":0,"88":0,"89":0,"90":0,"91":1,"92":0,"93":0,"94":0,"95":0,"96":0,"97":0,"98":1,"99":0,"100":0,"101":0,"102":0,"103":0,"104":1},"f":{"0":0,"1":0,"2":1,"3":0,"4":0,"5":0,"6":0,"7":0,"8":0,"9":1,"10":0,"11":0,"12":0,"13":0,"14":0,"15":0,"16":0,"17":0,"18":0,"19":0,"20":0,"21":0,"22":0,"23":0,"24":0,"25":0,"26":0,"27":0},"b":{"0":[0,0],"1":[1,0],"2":[1,0],"3":[0,0],"4":[0,0],"5":[0,0],"6":[1,0],"7":[1,1],"8":[0,0],"9":[0,0],"10":[0,0],"11":[0,0],"12":[0,0],"13":[0,0],"14":[0,0],"15":[0,0],"16":[0,0]},"_coverageSchema":"1a1c01bbd47fc00a2c39e90264f33305004495a9","hash":"1e2413b7a6640b2dc7b7b76dcf0346c7caa1707e"}
,"C:\\Users\\sarig\\OneDrive\\Documentos\\GitHub\\-AyD1-Proyecto1_Fase1_G2\\Backend\\routes\\usuario.js": {"path":"C:\\Users\\sarig\\OneDrive\\Documentos\\GitHub\\-AyD1-Proyecto1_Fase1_G2\\Backend\\routes\\usuario.js","statementMap":{"0":{"start":{"line":1,"column":16},"end":{"line":1,"column":34}},"1":{"start":{"line":2,"column":15},"end":{"line":2,"column":31}},"2":{"start":{"line":3,"column":24},"end":{"line":3,"column":46}},"3":{"start":{"line":5,"column":0},"end":{"line":7,"column":3}},"4":{"start":{"line":6,"column":4},"end":{"line":6,"column":41}},"5":{"start":{"line":9,"column":0},"end":{"line":34,"column":2}},"6":{"start":{"line":10,"column":27},"end":{"line":10,"column":35}},"7":{"start":{"line":11,"column":18},"end":{"line":11,"column":86}},"8":{"start":{"line":14,"column":4},"end":{"line":33,"column":1}},"9":{"start":{"line":15,"column":8},"end":{"line":15,"column":65}},"10":{"start":{"line":16,"column":8},"end":{"line":16,"column":14}},"11":{"start":{"line":19,"column":4},"end":{"line":31,"column":6}},"12":{"start":{"line":20,"column":8},"end":{"line":30,"column":9}},"13":{"start":{"line":23,"column":25},"end":{"line":23,"column":32}},"14":{"start":{"line":24,"column":12},"end":{"line":27,"column":50}},"15":{"start":{"line":25,"column":12},"end":{"line":25,"column":45}},"16":{"start":{"line":27,"column":16},"end":{"line":27,"column":49}},"17":{"start":{"line":29,"column":12},"end":{"line":29,"column":28}},"18":{"start":{"line":36,"column":0},"end":{"line":47,"column":2}},"19":{"start":{"line":37,"column":27},"end":{"line":37,"column":35}},"20":{"start":{"line":38,"column":18},"end":{"line":38,"column":153}},"21":{"start":{"line":40,"column":4},"end":{"line":46,"column":6}},"22":{"start":{"line":41,"column":8},"end":{"line":45,"column":9}},"23":{"start":{"line":42,"column":12},"end":{"line":42,"column":26}},"24":{"start":{"line":44,"column":12},"end":{"line":44,"column":28}},"25":{"start":{"line":50,"column":0},"end":{"line":63,"column":2}},"26":{"start":{"line":51,"column":33},"end":{"line":51,"column":41}},"27":{"start":{"line":52,"column":18},"end":{"line":52,"column":80}},"28":{"start":{"line":53,"column":8},"end":{"line":60,"column":10}},"29":{"start":{"line":54,"column":12},"end":{"line":59,"column":13}},"30":{"start":{"line":55,"column":16},"end":{"line":55,"column":55}},"31":{"start":{"line":58,"column":16},"end":{"line":58,"column":32}},"32":{"start":{"line":65,"column":0},"end":{"line":78,"column":2}},"33":{"start":{"line":66,"column":4},"end":{"line":66,"column":28}},"34":{"start":{"line":67,"column":4},"end":{"line":67,"column":24}},"35":{"start":{"line":68,"column":4},"end":{"line":68,"column":34}},"36":{"start":{"line":69,"column":4},"end":{"line":69,"column":27}},"37":{"start":{"line":71,"column":4},"end":{"line":77,"column":5}},"38":{"start":{"line":72,"column":8},"end":{"line":72,"column":30}},"39":{"start":{"line":75,"column":8},"end":{"line":75,"column":30}},"40":{"start":{"line":80,"column":0},"end":{"line":86,"column":2}},"41":{"start":{"line":81,"column":18},"end":{"line":81,"column":47}},"42":{"start":{"line":82,"column":4},"end":{"line":85,"column":6}},"43":{"start":{"line":83,"column":8},"end":{"line":83,"column":36}},"44":{"start":{"line":83,"column":16},"end":{"line":83,"column":36}},"45":{"start":{"line":84,"column":12},"end":{"line":84,"column":44}},"46":{"start":{"line":89,"column":0},"end":{"line":102,"column":2}},"47":{"start":{"line":90,"column":110},"end":{"line":90,"column":118}},"48":{"start":{"line":91,"column":18},"end":{"line":94,"column":5}},"49":{"start":{"line":95,"column":4},"end":{"line":101,"column":6}},"50":{"start":{"line":96,"column":8},"end":{"line":100,"column":9}},"51":{"start":{"line":97,"column":12},"end":{"line":97,"column":51}},"52":{"start":{"line":99,"column":12},"end":{"line":99,"column":28}},"53":{"start":{"line":105,"column":0},"end":{"line":115,"column":2}},"54":{"start":{"line":106,"column":4},"end":{"line":106,"column":50}},"55":{"start":{"line":107,"column":17},"end":{"line":107,"column":922}},"56":{"start":{"line":108,"column":4},"end":{"line":108,"column":41}},"57":{"start":{"line":110,"column":4},"end":{"line":114,"column":5}},"58":{"start":{"line":111,"column":8},"end":{"line":111,"column":31}},"59":{"start":{"line":113,"column":8},"end":{"line":113,"column":31}},"60":{"start":{"line":117,"column":0},"end":{"line":128,"column":2}},"61":{"start":{"line":118,"column":4},"end":{"line":118,"column":46}},"62":{"start":{"line":119,"column":22},"end":{"line":119,"column":50}},"63":{"start":{"line":121,"column":4},"end":{"line":127,"column":5}},"64":{"start":{"line":123,"column":4},"end":{"line":123,"column":27}},"65":{"start":{"line":126,"column":8},"end":{"line":126,"column":31}},"66":{"start":{"line":130,"column":0},"end":{"line":136,"column":2}},"67":{"start":{"line":131,"column":18},"end":{"line":131,"column":42}},"68":{"start":{"line":132,"column":4},"end":{"line":135,"column":6}},"69":{"start":{"line":133,"column":8},"end":{"line":133,"column":36}},"70":{"start":{"line":133,"column":16},"end":{"line":133,"column":36}},"71":{"start":{"line":134,"column":12},"end":{"line":134,"column":40}},"72":{"start":{"line":140,"column":0},"end":{"line":153,"column":2}},"73":{"start":{"line":141,"column":72},"end":{"line":141,"column":80}},"74":{"start":{"line":142,"column":18},"end":{"line":145,"column":5}},"75":{"start":{"line":146,"column":4},"end":{"line":152,"column":6}},"76":{"start":{"line":147,"column":8},"end":{"line":151,"column":9}},"77":{"start":{"line":148,"column":12},"end":{"line":148,"column":51}},"78":{"start":{"line":150,"column":12},"end":{"line":150,"column":28}},"79":{"start":{"line":155,"column":0},"end":{"line":162,"column":2}},"80":{"start":{"line":156,"column":4},"end":{"line":156,"column":34}},"81":{"start":{"line":157,"column":4},"end":{"line":161,"column":5}},"82":{"start":{"line":158,"column":8},"end":{"line":158,"column":30}},"83":{"start":{"line":160,"column":8},"end":{"line":160,"column":30}},"84":{"start":{"line":167,"column":0},"end":{"line":173,"column":2}},"85":{"start":{"line":168,"column":18},"end":{"line":168,"column":41}},"86":{"start":{"line":169,"column":4},"end":{"line":172,"column":6}},"87":{"start":{"line":170,"column":8},"end":{"line":170,"column":36}},"88":{"start":{"line":170,"column":16},"end":{"line":170,"column":36}},"89":{"start":{"line":171,"column":12},"end":{"line":171,"column":38}},"90":{"start":{"line":176,"column":0},"end":{"line":192,"column":2}},"91":{"start":{"line":177,"column":26},"end":{"line":177,"column":34}},"92":{"start":{"line":178,"column":18},"end":{"line":181,"column":5}},"93":{"start":{"line":182,"column":4},"end":{"line":191,"column":6}},"94":{"start":{"line":183,"column":8},"end":{"line":190,"column":9}},"95":{"start":{"line":184,"column":12},"end":{"line":187,"column":43}},"96":{"start":{"line":185,"column":16},"end":{"line":185,"column":42}},"97":{"start":{"line":187,"column":20},"end":{"line":187,"column":42}},"98":{"start":{"line":189,"column":12},"end":{"line":189,"column":28}},"99":{"start":{"line":195,"column":0},"end":{"line":195,"column":24}}},"fnMap":{"0":{"name":"(anonymous_0)","decl":{"start":{"line":5,"column":19},"end":{"line":5,"column":20}},"loc":{"start":{"line":5,"column":31},"end":{"line":7,"column":1}},"line":5},"1":{"name":"(anonymous_1)","decl":{"start":{"line":9,"column":22},"end":{"line":9,"column":23}},"loc":{"start":{"line":9,"column":33},"end":{"line":34,"column":1}},"line":9},"2":{"name":"(anonymous_2)","decl":{"start":{"line":19,"column":49},"end":{"line":19,"column":50}},"loc":{"start":{"line":19,"column":68},"end":{"line":31,"column":5}},"line":19},"3":{"name":"(anonymous_3)","decl":{"start":{"line":36,"column":34},"end":{"line":36,"column":35}},"loc":{"start":{"line":36,"column":45},"end":{"line":47,"column":1}},"line":36},"4":{"name":"(anonymous_4)","decl":{"start":{"line":40,"column":49},"end":{"line":40,"column":50}},"loc":{"start":{"line":40,"column":68},"end":{"line":46,"column":5}},"line":40},"5":{"name":"(anonymous_5)","decl":{"start":{"line":50,"column":28},"end":{"line":50,"column":29}},"loc":{"start":{"line":50,"column":39},"end":{"line":63,"column":1}},"line":50},"6":{"name":"(anonymous_6)","decl":{"start":{"line":53,"column":59},"end":{"line":53,"column":60}},"loc":{"start":{"line":53,"column":78},"end":{"line":60,"column":9}},"line":53},"7":{"name":"(anonymous_7)","decl":{"start":{"line":65,"column":32},"end":{"line":65,"column":33}},"loc":{"start":{"line":65,"column":43},"end":{"line":78,"column":1}},"line":65},"8":{"name":"(anonymous_8)","decl":{"start":{"line":80,"column":30},"end":{"line":80,"column":31}},"loc":{"start":{"line":80,"column":42},"end":{"line":86,"column":1}},"line":80},"9":{"name":"(anonymous_9)","decl":{"start":{"line":82,"column":33},"end":{"line":82,"column":34}},"loc":{"start":{"line":82,"column":53},"end":{"line":85,"column":5}},"line":82},"10":{"name":"(anonymous_10)","decl":{"start":{"line":89,"column":27},"end":{"line":89,"column":28}},"loc":{"start":{"line":89,"column":38},"end":{"line":102,"column":1}},"line":89},"11":{"name":"(anonymous_11)","decl":{"start":{"line":95,"column":132},"end":{"line":95,"column":133}},"loc":{"start":{"line":95,"column":151},"end":{"line":101,"column":5}},"line":95},"12":{"name":"(anonymous_12)","decl":{"start":{"line":105,"column":37},"end":{"line":105,"column":38}},"loc":{"start":{"line":105,"column":48},"end":{"line":115,"column":1}},"line":105},"13":{"name":"(anonymous_13)","decl":{"start":{"line":117,"column":36},"end":{"line":117,"column":37}},"loc":{"start":{"line":117,"column":47},"end":{"line":128,"column":1}},"line":117},"14":{"name":"(anonymous_14)","decl":{"start":{"line":130,"column":26},"end":{"line":130,"column":27}},"loc":{"start":{"line":130,"column":38},"end":{"line":136,"column":1}},"line":130},"15":{"name":"(anonymous_15)","decl":{"start":{"line":132,"column":33},"end":{"line":132,"column":34}},"loc":{"start":{"line":132,"column":53},"end":{"line":135,"column":5}},"line":132},"16":{"name":"(anonymous_16)","decl":{"start":{"line":140,"column":26},"end":{"line":140,"column":27}},"loc":{"start":{"line":140,"column":37},"end":{"line":153,"column":1}},"line":140},"17":{"name":"(anonymous_17)","decl":{"start":{"line":146,"column":94},"end":{"line":146,"column":95}},"loc":{"start":{"line":146,"column":113},"end":{"line":152,"column":5}},"line":146},"18":{"name":"(anonymous_18)","decl":{"start":{"line":155,"column":40},"end":{"line":155,"column":41}},"loc":{"start":{"line":155,"column":51},"end":{"line":162,"column":1}},"line":155},"19":{"name":"(anonymous_19)","decl":{"start":{"line":167,"column":25},"end":{"line":167,"column":26}},"loc":{"start":{"line":167,"column":37},"end":{"line":173,"column":1}},"line":167},"20":{"name":"(anonymous_20)","decl":{"start":{"line":169,"column":33},"end":{"line":169,"column":34}},"loc":{"start":{"line":169,"column":53},"end":{"line":172,"column":5}},"line":169},"21":{"name":"(anonymous_21)","decl":{"start":{"line":176,"column":30},"end":{"line":176,"column":31}},"loc":{"start":{"line":176,"column":41},"end":{"line":192,"column":1}},"line":176},"22":{"name":"(anonymous_22)","decl":{"start":{"line":182,"column":48},"end":{"line":182,"column":49}},"loc":{"start":{"line":182,"column":67},"end":{"line":191,"column":5}},"line":182}},"branchMap":{"0":{"loc":{"start":{"line":14,"column":4},"end":{"line":33,"column":1}},"type":"if","locations":[{"start":{"line":14,"column":4},"end":{"line":33,"column":1}},{"start":{"line":17,"column":9},"end":{"line":33,"column":1}}],"line":14},"1":{"loc":{"start":{"line":14,"column":7},"end":{"line":14,"column":24}},"type":"binary-expr","locations":[{"start":{"line":14,"column":7},"end":{"line":14,"column":15}},{"start":{"line":14,"column":19},"end":{"line":14,"column":24}}],"line":14},"2":{"loc":{"start":{"line":20,"column":8},"end":{"line":30,"column":9}},"type":"if","locations":[{"start":{"line":20,"column":8},"end":{"line":30,"column":9}},{"start":{"line":28,"column":15},"end":{"line":30,"column":9}}],"line":20},"3":{"loc":{"start":{"line":24,"column":12},"end":{"line":27,"column":50}},"type":"if","locations":[{"start":{"line":24,"column":12},"end":{"line":27,"column":50}},{"start":{"line":26,"column":16},"end":{"line":27,"column":50}}],"line":24},"4":{"loc":{"start":{"line":41,"column":8},"end":{"line":45,"column":9}},"type":"if","locations":[{"start":{"line":41,"column":8},"end":{"line":45,"column":9}},{"start":{"line":43,"column":15},"end":{"line":45,"column":9}}],"line":41},"5":{"loc":{"start":{"line":54,"column":12},"end":{"line":59,"column":13}},"type":"if","locations":[{"start":{"line":54,"column":12},"end":{"line":59,"column":13}},{"start":{"line":56,"column":19},"end":{"line":59,"column":13}}],"line":54},"6":{"loc":{"start":{"line":71,"column":4},"end":{"line":77,"column":5}},"type":"if","locations":[{"start":{"line":71,"column":4},"end":{"line":77,"column":5}},{"start":{"line":74,"column":9},"end":{"line":77,"column":5}}],"line":71},"7":{"loc":{"start":{"line":71,"column":8},"end":{"line":71,"column":33}},"type":"binary-expr","locations":[{"start":{"line":71,"column":8},"end":{"line":71,"column":19}},{"start":{"line":71,"column":23},"end":{"line":71,"column":33}}],"line":71},"8":{"loc":{"start":{"line":83,"column":8},"end":{"line":83,"column":36}},"type":"if","locations":[{"start":{"line":83,"column":8},"end":{"line":83,"column":36}},{"start":{},"end":{}}],"line":83},"9":{"loc":{"start":{"line":96,"column":8},"end":{"line":100,"column":9}},"type":"if","locations":[{"start":{"line":96,"column":8},"end":{"line":100,"column":9}},{"start":{"line":98,"column":15},"end":{"line":100,"column":9}}],"line":96},"10":{"loc":{"start":{"line":110,"column":4},"end":{"line":114,"column":5}},"type":"if","locations":[{"start":{"line":110,"column":4},"end":{"line":114,"column":5}},{"start":{"line":112,"column":9},"end":{"line":114,"column":5}}],"line":110},"11":{"loc":{"start":{"line":121,"column":4},"end":{"line":127,"column":5}},"type":"if","locations":[{"start":{"line":121,"column":4},"end":{"line":127,"column":5}},{"start":{"line":125,"column":9},"end":{"line":127,"column":5}}],"line":121},"12":{"loc":{"start":{"line":133,"column":8},"end":{"line":133,"column":36}},"type":"if","locations":[{"start":{"line":133,"column":8},"end":{"line":133,"column":36}},{"start":{},"end":{}}],"line":133},"13":{"loc":{"start":{"line":147,"column":8},"end":{"line":151,"column":9}},"type":"if","locations":[{"start":{"line":147,"column":8},"end":{"line":151,"column":9}},{"start":{"line":149,"column":15},"end":{"line":151,"column":9}}],"line":147},"14":{"loc":{"start":{"line":157,"column":4},"end":{"line":161,"column":5}},"type":"if","locations":[{"start":{"line":157,"column":4},"end":{"line":161,"column":5}},{"start":{"line":159,"column":9},"end":{"line":161,"column":5}}],"line":157},"15":{"loc":{"start":{"line":157,"column":8},"end":{"line":157,"column":41}},"type":"binary-expr","locations":[{"start":{"line":157,"column":8},"end":{"line":157,"column":22}},{"start":{"line":157,"column":26},"end":{"line":157,"column":41}}],"line":157},"16":{"loc":{"start":{"line":170,"column":8},"end":{"line":170,"column":36}},"type":"if","locations":[{"start":{"line":170,"column":8},"end":{"line":170,"column":36}},{"start":{},"end":{}}],"line":170},"17":{"loc":{"start":{"line":183,"column":8},"end":{"line":190,"column":9}},"type":"if","locations":[{"start":{"line":183,"column":8},"end":{"line":190,"column":9}},{"start":{"line":188,"column":15},"end":{"line":190,"column":9}}],"line":183},"18":{"loc":{"start":{"line":184,"column":12},"end":{"line":187,"column":43}},"type":"if","locations":[{"start":{"line":184,"column":12},"end":{"line":187,"column":43}},{"start":{"line":186,"column":17},"end":{"line":187,"column":43}}],"line":184},"19":{"loc":{"start":{"line":184,"column":15},"end":{"line":184,"column":53}},"type":"binary-expr","locations":[{"start":{"line":184,"column":15},"end":{"line":184,"column":32}},{"start":{"line":184,"column":36},"end":{"line":184,"column":53}}],"line":184}},"s":{"0":1,"1":1,"2":1,"3":1,"4":0,"5":1,"6":2,"7":2,"8":2,"9":0,"10":0,"11":2,"12":2,"13":2,"14":2,"15":2,"16":0,"17":0,"18":1,"19":0,"20":0,"21":0,"22":0,"23":0,"24":0,"25":1,"26":0,"27":0,"28":0,"29":0,"30":0,"31":0,"32":1,"33":0,"34":0,"35":0,"36":0,"37":0,"38":0,"39":0,"40":1,"41":0,"42":0,"43":0,"44":0,"45":0,"46":1,"47":0,"48":0,"49":0,"50":0,"51":0,"52":0,"53":1,"54":1,"55":1,"56":1,"57":1,"58":1,"59":0,"60":1,"61":1,"62":1,"63":1,"64":0,"65":1,"66":1,"67":0,"68":0,"69":0,"70":0,"71":0,"72":1,"73":0,"74":0,"75":0,"76":0,"77":0,"78":0,"79":1,"80":1,"81":1,"82":1,"83":0,"84":1,"85":0,"86":0,"87":0,"88":0,"89":0,"90":1,"91":1,"92":1,"93":1,"94":1,"95":1,"96":1,"97":0,"98":0,"99":1},"f":{"0":0,"1":2,"2":2,"3":0,"4":0,"5":0,"6":0,"7":0,"8":0,"9":0,"10":0,"11":0,"12":1,"13":1,"14":0,"15":0,"16":0,"17":0,"18":1,"19":0,"20":0,"21":1,"22":1},"b":{"0":[0,2],"1":[2,2],"2":[2,0],"3":[2,0],"4":[0,0],"5":[0,0],"6":[0,0],"7":[0,0],"8":[0,0],"9":[0,0],"10":[1,0],"11":[0,1],"12":[0,0],"13":[0,0],"14":[1,0],"15":[1,1],"16":[0,0],"17":[1,0],"18":[1,0],"19":[1,1]},"_coverageSchema":"1a1c01bbd47fc00a2c39e90264f33305004495a9","hash":"df1692002de074cd9a72efeb8fbd0c8a6cedd5fc"}
,"C:\\Users\\sarig\\OneDrive\\Documentos\\GitHub\\-AyD1-Proyecto1_Fase1_G2\\Backend\\routes\\vuelo.js": {"path":"C:\\Users\\sarig\\OneDrive\\Documentos\\GitHub\\-AyD1-Proyecto1_Fase1_G2\\Backend\\routes\\vuelo.js","statementMap":{"0":{"start":{"line":1,"column":16},"end":{"line":1,"column":34}},"1":{"start":{"line":2,"column":15},"end":{"line":2,"column":31}},"2":{"start":{"line":3,"column":24},"end":{"line":3,"column":46}},"3":{"start":{"line":5,"column":0},"end":{"line":18,"column":2}},"4":{"start":{"line":6,"column":80},"end":{"line":6,"column":88}},"5":{"start":{"line":7,"column":18},"end":{"line":10,"column":5}},"6":{"start":{"line":11,"column":4},"end":{"line":17,"column":6}},"7":{"start":{"line":12,"column":8},"end":{"line":16,"column":9}},"8":{"start":{"line":13,"column":12},"end":{"line":13,"column":51}},"9":{"start":{"line":15,"column":12},"end":{"line":15,"column":28}},"10":{"start":{"line":20,"column":0},"end":{"line":35,"column":2}},"11":{"start":{"line":21,"column":4},"end":{"line":21,"column":36}},"12":{"start":{"line":22,"column":16},"end":{"line":22,"column":37}},"13":{"start":{"line":24,"column":16},"end":{"line":24,"column":26}},"14":{"start":{"line":25,"column":4},"end":{"line":25,"column":36}},"15":{"start":{"line":28,"column":4},"end":{"line":28,"column":43}},"16":{"start":{"line":29,"column":4},"end":{"line":29,"column":43}},"17":{"start":{"line":30,"column":4},"end":{"line":34,"column":5}},"18":{"start":{"line":31,"column":8},"end":{"line":31,"column":30}},"19":{"start":{"line":33,"column":8},"end":{"line":33,"column":30}},"20":{"start":{"line":37,"column":0},"end":{"line":43,"column":2}},"21":{"start":{"line":38,"column":18},"end":{"line":38,"column":40}},"22":{"start":{"line":39,"column":4},"end":{"line":42,"column":6}},"23":{"start":{"line":40,"column":8},"end":{"line":40,"column":36}},"24":{"start":{"line":40,"column":16},"end":{"line":40,"column":36}},"25":{"start":{"line":41,"column":12},"end":{"line":41,"column":38}},"26":{"start":{"line":48,"column":0},"end":{"line":62,"column":2}},"27":{"start":{"line":49,"column":104},"end":{"line":49,"column":112}},"28":{"start":{"line":50,"column":18},"end":{"line":53,"column":5}},"29":{"start":{"line":54,"column":4},"end":{"line":61,"column":6}},"30":{"start":{"line":55,"column":8},"end":{"line":60,"column":9}},"31":{"start":{"line":56,"column":12},"end":{"line":56,"column":32}},"32":{"start":{"line":57,"column":12},"end":{"line":57,"column":51}},"33":{"start":{"line":59,"column":12},"end":{"line":59,"column":28}},"34":{"start":{"line":65,"column":0},"end":{"line":80,"column":2}},"35":{"start":{"line":66,"column":104},"end":{"line":66,"column":112}},"36":{"start":{"line":67,"column":18},"end":{"line":67,"column":77}},"37":{"start":{"line":69,"column":4},"end":{"line":79,"column":6}},"38":{"start":{"line":70,"column":8},"end":{"line":78,"column":9}},"39":{"start":{"line":71,"column":25},"end":{"line":71,"column":32}},"40":{"start":{"line":72,"column":12},"end":{"line":75,"column":50}},"41":{"start":{"line":73,"column":12},"end":{"line":73,"column":45}},"42":{"start":{"line":75,"column":16},"end":{"line":75,"column":49}},"43":{"start":{"line":77,"column":12},"end":{"line":77,"column":28}},"44":{"start":{"line":85,"column":38},"end":{"line":85,"column":46}},"45":{"start":{"line":86,"column":18},"end":{"line":88,"column":26}},"46":{"start":{"line":89,"column":4},"end":{"line":96,"column":6}},"47":{"start":{"line":90,"column":8},"end":{"line":95,"column":9}},"48":{"start":{"line":92,"column":12},"end":{"line":92,"column":52}},"49":{"start":{"line":94,"column":12},"end":{"line":94,"column":28}},"50":{"start":{"line":99,"column":0},"end":{"line":105,"column":2}},"51":{"start":{"line":100,"column":18},"end":{"line":100,"column":52}},"52":{"start":{"line":101,"column":4},"end":{"line":104,"column":6}},"53":{"start":{"line":102,"column":8},"end":{"line":102,"column":36}},"54":{"start":{"line":102,"column":16},"end":{"line":102,"column":36}},"55":{"start":{"line":103,"column":12},"end":{"line":103,"column":45}},"56":{"start":{"line":108,"column":0},"end":{"line":121,"column":2}},"57":{"start":{"line":109,"column":21},"end":{"line":109,"column":29}},"58":{"start":{"line":110,"column":18},"end":{"line":113,"column":5}},"59":{"start":{"line":114,"column":4},"end":{"line":120,"column":6}},"60":{"start":{"line":115,"column":8},"end":{"line":119,"column":9}},"61":{"start":{"line":116,"column":12},"end":{"line":116,"column":39}},"62":{"start":{"line":118,"column":12},"end":{"line":118,"column":28}},"63":{"start":{"line":123,"column":0},"end":{"line":136,"column":2}},"64":{"start":{"line":124,"column":40},"end":{"line":124,"column":48}},"65":{"start":{"line":125,"column":18},"end":{"line":128,"column":5}},"66":{"start":{"line":129,"column":4},"end":{"line":135,"column":6}},"67":{"start":{"line":130,"column":8},"end":{"line":134,"column":9}},"68":{"start":{"line":131,"column":12},"end":{"line":131,"column":39}},"69":{"start":{"line":133,"column":12},"end":{"line":133,"column":28}},"70":{"start":{"line":138,"column":0},"end":{"line":138,"column":24}}},"fnMap":{"0":{"name":"(anonymous_0)","decl":{"start":{"line":5,"column":25},"end":{"line":5,"column":26}},"loc":{"start":{"line":5,"column":36},"end":{"line":18,"column":1}},"line":5},"1":{"name":"(anonymous_1)","decl":{"start":{"line":11,"column":102},"end":{"line":11,"column":103}},"loc":{"start":{"line":11,"column":121},"end":{"line":17,"column":5}},"line":11},"2":{"name":"(anonymous_2)","decl":{"start":{"line":20,"column":34},"end":{"line":20,"column":35}},"loc":{"start":{"line":20,"column":45},"end":{"line":35,"column":1}},"line":20},"3":{"name":"(anonymous_3)","decl":{"start":{"line":37,"column":24},"end":{"line":37,"column":25}},"loc":{"start":{"line":37,"column":36},"end":{"line":43,"column":1}},"line":37},"4":{"name":"(anonymous_4)","decl":{"start":{"line":39,"column":33},"end":{"line":39,"column":34}},"loc":{"start":{"line":39,"column":53},"end":{"line":42,"column":5}},"line":39},"5":{"name":"(anonymous_5)","decl":{"start":{"line":48,"column":29},"end":{"line":48,"column":30}},"loc":{"start":{"line":48,"column":40},"end":{"line":62,"column":1}},"line":48},"6":{"name":"(anonymous_6)","decl":{"start":{"line":54,"column":126},"end":{"line":54,"column":127}},"loc":{"start":{"line":54,"column":145},"end":{"line":61,"column":5}},"line":54},"7":{"name":"(anonymous_7)","decl":{"start":{"line":65,"column":44},"end":{"line":65,"column":45}},"loc":{"start":{"line":65,"column":55},"end":{"line":80,"column":1}},"line":65},"8":{"name":"(anonymous_8)","decl":{"start":{"line":69,"column":44},"end":{"line":69,"column":45}},"loc":{"start":{"line":69,"column":63},"end":{"line":79,"column":5}},"line":69},"9":{"name":"actualizarVuelo","decl":{"start":{"line":84,"column":9},"end":{"line":84,"column":24}},"loc":{"start":{"line":84,"column":30},"end":{"line":97,"column":1}},"line":84},"10":{"name":"(anonymous_10)","decl":{"start":{"line":89,"column":72},"end":{"line":89,"column":73}},"loc":{"start":{"line":89,"column":91},"end":{"line":96,"column":5}},"line":89},"11":{"name":"(anonymous_11)","decl":{"start":{"line":99,"column":33},"end":{"line":99,"column":34}},"loc":{"start":{"line":99,"column":45},"end":{"line":105,"column":1}},"line":99},"12":{"name":"(anonymous_12)","decl":{"start":{"line":101,"column":33},"end":{"line":101,"column":34}},"loc":{"start":{"line":101,"column":53},"end":{"line":104,"column":5}},"line":101},"13":{"name":"(anonymous_13)","decl":{"start":{"line":108,"column":35},"end":{"line":108,"column":36}},"loc":{"start":{"line":108,"column":47},"end":{"line":121,"column":1}},"line":108},"14":{"name":"(anonymous_14)","decl":{"start":{"line":114,"column":43},"end":{"line":114,"column":44}},"loc":{"start":{"line":114,"column":62},"end":{"line":120,"column":5}},"line":114},"15":{"name":"(anonymous_15)","decl":{"start":{"line":123,"column":39},"end":{"line":123,"column":40}},"loc":{"start":{"line":123,"column":51},"end":{"line":136,"column":1}},"line":123},"16":{"name":"(anonymous_16)","decl":{"start":{"line":129,"column":61},"end":{"line":129,"column":62}},"loc":{"start":{"line":129,"column":80},"end":{"line":135,"column":5}},"line":129}},"branchMap":{"0":{"loc":{"start":{"line":12,"column":8},"end":{"line":16,"column":9}},"type":"if","locations":[{"start":{"line":12,"column":8},"end":{"line":16,"column":9}},{"start":{"line":14,"column":15},"end":{"line":16,"column":9}}],"line":12},"1":{"loc":{"start":{"line":30,"column":4},"end":{"line":34,"column":5}},"type":"if","locations":[{"start":{"line":30,"column":4},"end":{"line":34,"column":5}},{"start":{"line":32,"column":9},"end":{"line":34,"column":5}}],"line":30},"2":{"loc":{"start":{"line":40,"column":8},"end":{"line":40,"column":36}},"type":"if","locations":[{"start":{"line":40,"column":8},"end":{"line":40,"column":36}},{"start":{},"end":{}}],"line":40},"3":{"loc":{"start":{"line":55,"column":8},"end":{"line":60,"column":9}},"type":"if","locations":[{"start":{"line":55,"column":8},"end":{"line":60,"column":9}},{"start":{"line":58,"column":15},"end":{"line":60,"column":9}}],"line":55},"4":{"loc":{"start":{"line":70,"column":8},"end":{"line":78,"column":9}},"type":"if","locations":[{"start":{"line":70,"column":8},"end":{"line":78,"column":9}},{"start":{"line":76,"column":15},"end":{"line":78,"column":9}}],"line":70},"5":{"loc":{"start":{"line":72,"column":12},"end":{"line":75,"column":50}},"type":"if","locations":[{"start":{"line":72,"column":12},"end":{"line":75,"column":50}},{"start":{"line":74,"column":16},"end":{"line":75,"column":50}}],"line":72},"6":{"loc":{"start":{"line":90,"column":8},"end":{"line":95,"column":9}},"type":"if","locations":[{"start":{"line":90,"column":8},"end":{"line":95,"column":9}},{"start":{"line":93,"column":15},"end":{"line":95,"column":9}}],"line":90},"7":{"loc":{"start":{"line":102,"column":8},"end":{"line":102,"column":36}},"type":"if","locations":[{"start":{"line":102,"column":8},"end":{"line":102,"column":36}},{"start":{},"end":{}}],"line":102},"8":{"loc":{"start":{"line":115,"column":8},"end":{"line":119,"column":9}},"type":"if","locations":[{"start":{"line":115,"column":8},"end":{"line":119,"column":9}},{"start":{"line":117,"column":15},"end":{"line":119,"column":9}}],"line":115},"9":{"loc":{"start":{"line":130,"column":8},"end":{"line":134,"column":9}},"type":"if","locations":[{"start":{"line":130,"column":8},"end":{"line":134,"column":9}},{"start":{"line":132,"column":15},"end":{"line":134,"column":9}}],"line":130}},"s":{"0":1,"1":1,"2":1,"3":1,"4":0,"5":0,"6":0,"7":0,"8":0,"9":0,"10":1,"11":1,"12":1,"13":1,"14":1,"15":1,"16":1,"17":1,"18":1,"19":0,"20":1,"21":0,"22":0,"23":0,"24":0,"25":0,"26":1,"27":0,"28":0,"29":0,"30":0,"31":0,"32":0,"33":0,"34":1,"35":1,"36":1,"37":1,"38":1,"39":1,"40":1,"41":1,"42":0,"43":0,"44":0,"45":0,"46":0,"47":0,"48":0,"49":0,"50":1,"51":0,"52":0,"53":0,"54":0,"55":0,"56":1,"57":0,"58":0,"59":0,"60":0,"61":0,"62":0,"63":1,"64":0,"65":0,"66":0,"67":0,"68":0,"69":0,"70":1},"f":{"0":0,"1":0,"2":1,"3":0,"4":0,"5":0,"6":0,"7":1,"8":1,"9":0,"10":0,"11":0,"12":0,"13":0,"14":0,"15":0,"16":0},"b":{"0":[0,0],"1":[1,0],"2":[0,0],"3":[0,0],"4":[1,0],"5":[1,0],"6":[0,0],"7":[0,0],"8":[0,0],"9":[0,0]},"_coverageSchema":"1a1c01bbd47fc00a2c39e90264f33305004495a9","hash":"0a5c39d47667ebc1c482293c570784a174f3a3ca"}
}
