TN:
SF:app.js
FN:63,(anonymous_0)
FNF:1
FNH:1
FNDA:1,(anonymous_0)
DA:1,1
DA:2,1
DA:3,1
DA:5,1
DA:6,1
DA:7,1
DA:8,1
DA:9,1
DA:10,1
DA:14,1
DA:18,1
DA:19,1
DA:20,1
DA:21,1
DA:63,1
DA:64,1
DA:67,1
LF:17
LH:17
BRF:0
BRH:0
end_of_record
TN:
SF:conexion.js
FN:10,(anonymous_0)
FNF:1
FNH:1
FNDA:1,(anonymous_0)
DA:1,1
DA:3,1
DA:10,1
DA:11,1
DA:12,0
DA:13,0
DA:15,1
DA:19,1
LF:8
LH:6
BRDA:11,0,0,0
BRDA:11,0,1,1
BRF:2
BRH:1
end_of_record
TN:
SF:routes\auto.js
FN:5,(anonymous_0)
FN:11,(anonymous_1)
FN:20,(anonymous_2)
FN:34,(anonymous_3)
FN:36,(anonymous_4)
FN:42,(anonymous_5)
FN:44,(anonymous_6)
FN:53,(anonymous_7)
FN:59,(anonymous_8)
FN:69,(anonymous_9)
FN:83,actualizarAuto
FN:88,(anonymous_11)
FN:98,(anonymous_12)
FN:100,(anonymous_13)
FN:107,(anonymous_14)
FN:113,(anonymous_15)
FN:122,(anonymous_16)
FN:128,(anonymous_17)
FN:138,(anonymous_18)
FN:147,(anonymous_19)
FN:152,(anonymous_20)
FNF:21
FNH:3
FNDA:0,(anonymous_0)
FNDA:0,(anonymous_1)
FNDA:1,(anonymous_2)
FNDA:0,(anonymous_3)
FNDA:0,(anonymous_4)
FNDA:0,(anonymous_5)
FNDA:0,(anonymous_6)
FNDA:0,(anonymous_7)
FNDA:0,(anonymous_8)
FNDA:1,(anonymous_9)
FNDA:0,actualizarAuto
FNDA:0,(anonymous_11)
FNDA:0,(anonymous_12)
FNDA:0,(anonymous_13)
FNDA:0,(anonymous_14)
FNDA:0,(anonymous_15)
FNDA:0,(anonymous_16)
FNDA:0,(anonymous_17)
FNDA:1,(anonymous_18)
FNDA:0,(anonymous_19)
FNDA:0,(anonymous_20)
DA:1,1
DA:2,1
DA:3,1
DA:5,1
DA:6,0
DA:7,0
DA:11,0
DA:12,0
DA:13,0
DA:15,0
DA:20,1
DA:21,1
DA:22,1
DA:25,1
DA:26,1
DA:28,0
DA:34,1
DA:35,0
DA:36,0
DA:37,0
DA:38,0
DA:42,1
DA:43,0
DA:44,0
DA:45,0
DA:46,0
DA:53,1
DA:54,0
DA:55,0
DA:59,0
DA:60,0
DA:61,0
DA:62,0
DA:64,0
DA:69,1
DA:70,1
DA:71,1
DA:74,1
DA:75,1
DA:77,0
DA:84,0
DA:85,0
DA:88,0
DA:89,0
DA:91,0
DA:93,0
DA:98,1
DA:99,0
DA:100,0
DA:101,0
DA:102,0
DA:107,1
DA:108,0
DA:109,0
DA:113,0
DA:114,0
DA:115,0
DA:117,0
DA:122,1
DA:123,0
DA:124,0
DA:128,0
DA:129,0
DA:130,0
DA:132,0
DA:138,1
DA:139,1
DA:140,1
DA:141,1
DA:143,0
DA:147,1
DA:148,0
DA:149,0
DA:152,0
DA:153,0
DA:154,0
DA:156,0
DA:162,1
LF:78
LH:26
BRDA:12,0,0,0
BRDA:12,0,1,0
BRDA:25,1,0,1
BRDA:25,1,1,0
BRDA:37,2,0,0
BRDA:37,2,1,0
BRDA:45,3,0,0
BRDA:45,3,1,0
BRDA:60,4,0,0
BRDA:60,4,1,0
BRDA:74,5,0,1
BRDA:74,5,1,0
BRDA:89,6,0,0
BRDA:89,6,1,0
BRDA:101,7,0,0
BRDA:101,7,1,0
BRDA:114,8,0,0
BRDA:114,8,1,0
BRDA:129,9,0,0
BRDA:129,9,1,0
BRDA:140,10,0,1
BRDA:140,10,1,0
BRDA:153,11,0,0
BRDA:153,11,1,0
BRF:24
BRH:3
end_of_record
TN:
SF:routes\habitacion.js
FN:6,(anonymous_0)
FN:12,(anonymous_1)
FN:21,(anonymous_2)
FN:31,(anonymous_3)
FN:33,(anonymous_4)
FN:39,(anonymous_5)
FN:41,(anonymous_6)
FN:49,(anonymous_7)
FN:55,(anonymous_8)
FN:65,(anonymous_9)
FN:82,actualizarHabitacion
FN:88,(anonymous_11)
FN:98,(anonymous_12)
FN:100,(anonymous_13)
FN:108,(anonymous_14)
FN:110,(anonymous_15)
FN:116,(anonymous_16)
FN:122,(anonymous_17)
FN:133,(anonymous_18)
FN:135,(anonymous_19)
FN:141,(anonymous_20)
FN:147,(anonymous_21)
FN:156,(anonymous_22)
FN:162,(anonymous_23)
FN:171,(anonymous_24)
FN:177,(anonymous_25)
FN:186,(anonymous_26)
FN:192,(anonymous_27)
FNF:28
FNH:2
FNDA:0,(anonymous_0)
FNDA:0,(anonymous_1)
FNDA:1,(anonymous_2)
FNDA:0,(anonymous_3)
FNDA:0,(anonymous_4)
FNDA:0,(anonymous_5)
FNDA:0,(anonymous_6)
FNDA:0,(anonymous_7)
FNDA:0,(anonymous_8)
FNDA:1,(anonymous_9)
FNDA:0,actualizarHabitacion
FNDA:0,(anonymous_11)
FNDA:0,(anonymous_12)
FNDA:0,(anonymous_13)
FNDA:0,(anonymous_14)
FNDA:0,(anonymous_15)
FNDA:0,(anonymous_16)
FNDA:0,(anonymous_17)
FNDA:0,(anonymous_18)
FNDA:0,(anonymous_19)
FNDA:0,(anonymous_20)
FNDA:0,(anonymous_21)
FNDA:0,(anonymous_22)
FNDA:0,(anonymous_23)
FNDA:0,(anonymous_24)
FNDA:0,(anonymous_25)
FNDA:0,(anonymous_26)
FNDA:0,(anonymous_27)
DA:1,1
DA:2,1
DA:3,1
DA:4,1
DA:6,1
DA:7,0
DA:8,0
DA:12,0
DA:13,0
DA:14,0
DA:16,0
DA:21,1
DA:22,1
DA:24,1
DA:25,1
DA:27,0
DA:31,1
DA:32,0
DA:33,0
DA:34,0
DA:35,0
DA:39,1
DA:40,0
DA:41,0
DA:42,0
DA:43,0
DA:49,1
DA:50,0
DA:51,0
DA:55,0
DA:56,0
DA:57,0
DA:58,0
DA:60,0
DA:65,1
DA:66,1
DA:67,1
DA:70,1
DA:71,1
DA:72,1
DA:73,1
DA:74,1
DA:75,1
DA:77,0
DA:83,0
DA:84,0
DA:88,0
DA:89,0
DA:91,0
DA:93,0
DA:98,1
DA:99,0
DA:100,0
DA:101,0
DA:102,0
DA:108,1
DA:109,0
DA:110,0
DA:111,0
DA:112,0
DA:116,1
DA:117,0
DA:118,0
DA:122,0
DA:123,0
DA:124,0
DA:126,0
DA:133,1
DA:134,0
DA:135,0
DA:136,0
DA:137,0
DA:141,1
DA:142,0
DA:143,0
DA:147,0
DA:148,0
DA:149,0
DA:151,0
DA:156,1
DA:157,0
DA:158,0
DA:162,0
DA:163,0
DA:164,0
DA:166,0
DA:171,1
DA:172,0
DA:173,0
DA:177,0
DA:178,0
DA:179,0
DA:181,0
DA:186,1
DA:188,0
DA:192,0
DA:193,0
DA:194,0
DA:196,0
DA:202,1
LF:100
LH:30
BRDA:13,0,0,0
BRDA:13,0,1,0
BRDA:24,1,0,1
BRDA:24,1,1,0
BRDA:24,2,0,1
BRDA:24,2,1,0
BRDA:34,3,0,0
BRDA:34,3,1,0
BRDA:42,4,0,0
BRDA:42,4,1,0
BRDA:56,5,0,0
BRDA:56,5,1,0
BRDA:74,6,0,1
BRDA:74,6,1,0
BRDA:74,7,0,1
BRDA:74,7,1,1
BRDA:89,8,0,0
BRDA:89,8,1,0
BRDA:101,9,0,0
BRDA:101,9,1,0
BRDA:111,10,0,0
BRDA:111,10,1,0
BRDA:123,11,0,0
BRDA:123,11,1,0
BRDA:136,12,0,0
BRDA:136,12,1,0
BRDA:148,13,0,0
BRDA:148,13,1,0
BRDA:163,14,0,0
BRDA:163,14,1,0
BRDA:178,15,0,0
BRDA:178,15,1,0
BRDA:193,16,0,0
BRDA:193,16,1,0
BRF:34
BRH:5
end_of_record
TN:
SF:routes\usuario.js
FN:5,(anonymous_0)
FN:9,(anonymous_1)
FN:19,(anonymous_2)
FN:36,(anonymous_3)
FN:40,(anonymous_4)
FN:50,(anonymous_5)
FN:53,(anonymous_6)
FN:65,(anonymous_7)
FN:80,(anonymous_8)
FN:82,(anonymous_9)
FN:89,(anonymous_10)
FN:95,(anonymous_11)
FN:105,(anonymous_12)
FN:117,(anonymous_13)
FN:130,(anonymous_14)
FN:132,(anonymous_15)
FN:140,(anonymous_16)
FN:146,(anonymous_17)
FN:155,(anonymous_18)
FN:167,(anonymous_19)
FN:169,(anonymous_20)
FN:176,(anonymous_21)
FN:182,(anonymous_22)
FNF:23
FNH:7
FNDA:0,(anonymous_0)
FNDA:2,(anonymous_1)
FNDA:2,(anonymous_2)
FNDA:0,(anonymous_3)
FNDA:0,(anonymous_4)
FNDA:0,(anonymous_5)
FNDA:0,(anonymous_6)
FNDA:0,(anonymous_7)
FNDA:0,(anonymous_8)
FNDA:0,(anonymous_9)
FNDA:0,(anonymous_10)
FNDA:0,(anonymous_11)
FNDA:1,(anonymous_12)
FNDA:1,(anonymous_13)
FNDA:0,(anonymous_14)
FNDA:0,(anonymous_15)
FNDA:0,(anonymous_16)
FNDA:0,(anonymous_17)
FNDA:1,(anonymous_18)
FNDA:0,(anonymous_19)
FNDA:0,(anonymous_20)
FNDA:1,(anonymous_21)
FNDA:1,(anonymous_22)
DA:1,1
DA:2,1
DA:3,1
DA:5,1
DA:6,0
DA:9,1
DA:10,2
DA:11,2
DA:14,2
DA:15,0
DA:16,0
DA:19,2
DA:20,2
DA:23,2
DA:24,2
DA:25,2
DA:27,0
DA:29,0
DA:36,1
DA:37,0
DA:38,0
DA:40,0
DA:41,0
DA:42,0
DA:44,0
DA:50,1
DA:51,0
DA:52,0
DA:53,0
DA:54,0
DA:55,0
DA:58,0
DA:65,1
DA:66,0
DA:67,0
DA:68,0
DA:69,0
DA:71,0
DA:72,0
DA:75,0
DA:80,1
DA:81,0
DA:82,0
DA:83,0
DA:84,0
DA:89,1
DA:90,0
DA:91,0
DA:95,0
DA:96,0
DA:97,0
DA:99,0
DA:105,1
DA:106,1
DA:107,1
DA:108,1
DA:110,1
DA:111,1
DA:113,0
DA:117,1
DA:118,1
DA:119,1
DA:121,1
DA:123,0
DA:126,1
DA:130,1
DA:131,0
DA:132,0
DA:133,0
DA:134,0
DA:140,1
DA:141,0
DA:142,0
DA:146,0
DA:147,0
DA:148,0
DA:150,0
DA:155,1
DA:156,1
DA:157,1
DA:158,1
DA:160,0
DA:167,1
DA:168,0
DA:169,0
DA:170,0
DA:171,0
DA:176,1
DA:177,1
DA:178,1
DA:182,1
DA:183,1
DA:184,1
DA:185,1
DA:187,0
DA:189,0
DA:195,1
LF:97
LH:44
BRDA:14,0,0,0
BRDA:14,0,1,2
BRDA:14,1,0,2
BRDA:14,1,1,2
BRDA:20,2,0,2
BRDA:20,2,1,0
BRDA:24,3,0,2
BRDA:24,3,1,0
BRDA:41,4,0,0
BRDA:41,4,1,0
BRDA:54,5,0,0
BRDA:54,5,1,0
BRDA:71,6,0,0
BRDA:71,6,1,0
BRDA:71,7,0,0
BRDA:71,7,1,0
BRDA:83,8,0,0
BRDA:83,8,1,0
BRDA:96,9,0,0
BRDA:96,9,1,0
BRDA:110,10,0,1
BRDA:110,10,1,0
BRDA:121,11,0,0
BRDA:121,11,1,1
BRDA:133,12,0,0
BRDA:133,12,1,0
BRDA:147,13,0,0
BRDA:147,13,1,0
BRDA:157,14,0,1
BRDA:157,14,1,0
BRDA:157,15,0,1
BRDA:157,15,1,1
BRDA:170,16,0,0
BRDA:170,16,1,0
BRDA:183,17,0,1
BRDA:183,17,1,0
BRDA:184,18,0,1
BRDA:184,18,1,0
BRDA:184,19,0,1
BRDA:184,19,1,1
BRF:40
BRH:14
end_of_record
TN:
SF:routes\vuelo.js
FN:5,(anonymous_0)
FN:11,(anonymous_1)
FN:20,(anonymous_2)
FN:37,(anonymous_3)
FN:39,(anonymous_4)
FN:48,(anonymous_5)
FN:54,(anonymous_6)
FN:65,(anonymous_7)
FN:69,(anonymous_8)
FN:84,actualizarVuelo
FN:89,(anonymous_10)
FN:99,(anonymous_11)
FN:101,(anonymous_12)
FN:108,(anonymous_13)
FN:114,(anonymous_14)
FN:123,(anonymous_15)
FN:129,(anonymous_16)
FNF:17
FNH:3
FNDA:0,(anonymous_0)
FNDA:0,(anonymous_1)
FNDA:1,(anonymous_2)
FNDA:0,(anonymous_3)
FNDA:0,(anonymous_4)
FNDA:0,(anonymous_5)
FNDA:0,(anonymous_6)
FNDA:1,(anonymous_7)
FNDA:1,(anonymous_8)
FNDA:0,actualizarVuelo
FNDA:0,(anonymous_10)
FNDA:0,(anonymous_11)
FNDA:0,(anonymous_12)
FNDA:0,(anonymous_13)
FNDA:0,(anonymous_14)
FNDA:0,(anonymous_15)
FNDA:0,(anonymous_16)
DA:1,1
DA:2,1
DA:3,1
DA:5,1
DA:6,0
DA:7,0
DA:11,0
DA:12,0
DA:13,0
DA:15,0
DA:20,1
DA:21,1
DA:22,1
DA:24,1
DA:25,1
DA:28,1
DA:29,1
DA:30,1
DA:31,1
DA:33,0
DA:37,1
DA:38,0
DA:39,0
DA:40,0
DA:41,0
DA:48,1
DA:49,0
DA:50,0
DA:54,0
DA:55,0
DA:56,0
DA:57,0
DA:59,0
DA:65,1
DA:66,1
DA:67,1
DA:69,1
DA:70,1
DA:71,1
DA:72,1
DA:73,1
DA:75,0
DA:77,0
DA:85,0
DA:86,0
DA:89,0
DA:90,0
DA:92,0
DA:94,0
DA:99,1
DA:100,0
DA:101,0
DA:102,0
DA:103,0
DA:108,1
DA:109,0
DA:110,0
DA:114,0
DA:115,0
DA:116,0
DA:118,0
DA:123,1
DA:124,0
DA:125,0
DA:129,0
DA:130,0
DA:131,0
DA:133,0
DA:138,1
LF:69
LH:27
BRDA:12,0,0,0
BRDA:12,0,1,0
BRDA:30,1,0,1
BRDA:30,1,1,0
BRDA:40,2,0,0
BRDA:40,2,1,0
BRDA:55,3,0,0
BRDA:55,3,1,0
BRDA:70,4,0,1
BRDA:70,4,1,0
BRDA:72,5,0,1
BRDA:72,5,1,0
BRDA:90,6,0,0
BRDA:90,6,1,0
BRDA:102,7,0,0
BRDA:102,7,1,0
BRDA:115,8,0,0
BRDA:115,8,1,0
BRDA:130,9,0,0
BRDA:130,9,1,0
BRF:20
BRH:3
end_of_record
